2025-08-01 18:45:56,075 - MCPClient - DEBUG - [Logger] Initialized 'MCPClient', output → D:\1. PROJECTS\projectwise_flaskui\logs\MCPClient.log
2025-08-01 18:45:56,646 - MCPClient - INFO - MCPClient initialized with HTTP transport
2025-08-01 18:46:04,300 - MCPClient - DEBUG - [Logger] Initialized 'MCPClient', output → D:\1. PROJECTS\projectwise_flaskui\logs\MCPClient.log
2025-08-01 18:46:04,824 - MCPClient - INFO - MCPClient initialized with HTTP transport
2025-08-01 18:46:05,003 - MCPClient - INFO - MCPClient disconnected
2025-08-01 18:46:05,003 - MCPClient - INFO - Connecting to MCP Server via HTTP: http://localhost:5000/projectwise/mcp
2025-08-01 18:46:07,862 - MCPClient - ERROR - cleanup session failed: Attempted to exit cancel scope in a different task than it was entered in
Traceback (most recent call last):
  File "D:\1. PROJECTS\projectwise_flaskui\.venv\Lib\site-packages\anyio\streams\memory.py", line 111, in receive
    return self.receive_nowait()
           ~~~~~~~~~~~~~~~~~~~^^
  File "D:\1. PROJECTS\projectwise_flaskui\.venv\Lib\site-packages\anyio\streams\memory.py", line 106, in receive_nowait
    raise WouldBlock
anyio.WouldBlock

During handling of the above exception, another exception occurred:

Traceback (most recent call last):
  File "D:\1. PROJECTS\projectwise_flaskui\.venv\Lib\site-packages\asgiref\sync.py", line 298, in main_wrap
    raise exc_info[1]
  File "D:\1. PROJECTS\projectwise_flaskui\.venv\Lib\site-packages\flask\app.py", line 1511, in wsgi_app
    response = self.full_dispatch_request()
  File "D:\1. PROJECTS\projectwise_flaskui\.venv\Lib\site-packages\flask\app.py", line 915, in full_dispatch_request
    rv = self.preprocess_request()
  File "D:\1. PROJECTS\projectwise_flaskui\.venv\Lib\site-packages\flask\app.py", line 1291, in preprocess_request
    rv = self.ensure_sync(before_func)()
  File "D:\1. PROJECTS\projectwise_flaskui\.venv\Lib\site-packages\asgiref\sync.py", line 262, in __call__
    return call_result.result()
           ~~~~~~~~~~~~~~~~~~^^
  File "C:\Python313\Lib\concurrent\futures\_base.py", line 449, in result
    return self.__get_result()
           ~~~~~~~~~~~~~~~~~^^
  File "C:\Python313\Lib\concurrent\futures\_base.py", line 401, in __get_result
    raise self._exception
  File "D:\1. PROJECTS\projectwise_flaskui\.venv\Lib\site-packages\asgiref\sync.py", line 302, in main_wrap
    result = await awaitable
             ^^^^^^^^^^^^^^^
  File "D:\1. PROJECTS\projectwise_flaskui\chats\base.py", line 35, in startup_mcp
    ok = await app.extensions["mcp_client"].connect()
         ^^^^^^^^^^^^^^^^^^^^^^^^^^^^^^^^^^^^^^^^^^^^
  File "D:\1. PROJECTS\projectwise_flaskui\services\mcp_client.py", line 85, in connect
    await self.session.initialize()
  File "D:\1. PROJECTS\projectwise_flaskui\.venv\Lib\site-packages\mcp\client\session.py", line 151, in initialize
    result = await self.send_request(
             ^^^^^^^^^^^^^^^^^^^^^^^^
    ...<16 lines>...
    )
    ^
  File "D:\1. PROJECTS\projectwise_flaskui\.venv\Lib\site-packages\mcp\shared\session.py", line 272, in send_request
    response_or_error = await response_stream_reader.receive()
                        ^^^^^^^^^^^^^^^^^^^^^^^^^^^^^^^^^^^^^^
  File "D:\1. PROJECTS\projectwise_flaskui\.venv\Lib\site-packages\anyio\streams\memory.py", line 119, in receive
    await receive_event.wait()
  File "D:\1. PROJECTS\projectwise_flaskui\.venv\Lib\site-packages\anyio\_backends\_asyncio.py", line 1774, in wait
    await self._event.wait()
  File "C:\Python313\Lib\asyncio\locks.py", line 213, in wait
    await fut
asyncio.exceptions.CancelledError: Cancelled by cancel scope 22cfff3fe00

During handling of the above exception, another exception occurred:

Traceback (most recent call last):
  File "D:\1. PROJECTS\projectwise_flaskui\services\mcp_client.py", line 182, in cleanup
    await self.session.__aexit__(None, None, None)
  File "D:\1. PROJECTS\projectwise_flaskui\.venv\Lib\site-packages\mcp\shared\session.py", line 218, in __aexit__
    return await self._task_group.__aexit__(exc_type, exc_val, exc_tb)
           ^^^^^^^^^^^^^^^^^^^^^^^^^^^^^^^^^^^^^^^^^^^^^^^^^^^^^^^^^^^
  File "D:\1. PROJECTS\projectwise_flaskui\.venv\Lib\site-packages\anyio\_backends\_asyncio.py", line 783, in __aexit__
    return self.cancel_scope.__exit__(exc_type, exc_val, exc_tb)
           ~~~~~~~~~~~~~~~~~~~~~~~~~~^^^^^^^^^^^^^^^^^^^^^^^^^^^
  File "D:\1. PROJECTS\projectwise_flaskui\.venv\Lib\site-packages\anyio\_backends\_asyncio.py", line 457, in __exit__
    raise RuntimeError(
    ...<2 lines>...
    )
RuntimeError: Attempted to exit cancel scope in a different task than it was entered in
2025-08-01 18:46:07,911 - MCPClient - INFO - MCPClient disconnected
2025-08-01 18:46:09,000 - MCPClient - INFO - MCPClient disconnected
2025-08-01 18:46:09,000 - MCPClient - INFO - Connecting to MCP Server via HTTP: http://localhost:5000/projectwise/mcp
2025-08-01 18:46:11,680 - MCPClient - ERROR - cleanup session failed: Attempted to exit cancel scope in a different task than it was entered in
Traceback (most recent call last):
  File "D:\1. PROJECTS\projectwise_flaskui\.venv\Lib\site-packages\anyio\streams\memory.py", line 111, in receive
    return self.receive_nowait()
           ~~~~~~~~~~~~~~~~~~~^^
  File "D:\1. PROJECTS\projectwise_flaskui\.venv\Lib\site-packages\anyio\streams\memory.py", line 106, in receive_nowait
    raise WouldBlock
anyio.WouldBlock

During handling of the above exception, another exception occurred:

Traceback (most recent call last):
  File "D:\1. PROJECTS\projectwise_flaskui\.venv\Lib\site-packages\asgiref\sync.py", line 298, in main_wrap
    raise exc_info[1]
  File "D:\1. PROJECTS\projectwise_flaskui\.venv\Lib\site-packages\flask\app.py", line 1511, in wsgi_app
    response = self.full_dispatch_request()
  File "D:\1. PROJECTS\projectwise_flaskui\.venv\Lib\site-packages\flask\app.py", line 915, in full_dispatch_request
    rv = self.preprocess_request()
  File "D:\1. PROJECTS\projectwise_flaskui\.venv\Lib\site-packages\flask\app.py", line 1291, in preprocess_request
    rv = self.ensure_sync(before_func)()
  File "D:\1. PROJECTS\projectwise_flaskui\.venv\Lib\site-packages\asgiref\sync.py", line 262, in __call__
    return call_result.result()
           ~~~~~~~~~~~~~~~~~~^^
  File "C:\Python313\Lib\concurrent\futures\_base.py", line 449, in result
    return self.__get_result()
           ~~~~~~~~~~~~~~~~~^^
  File "C:\Python313\Lib\concurrent\futures\_base.py", line 401, in __get_result
    raise self._exception
  File "D:\1. PROJECTS\projectwise_flaskui\.venv\Lib\site-packages\asgiref\sync.py", line 302, in main_wrap
    result = await awaitable
             ^^^^^^^^^^^^^^^
  File "D:\1. PROJECTS\projectwise_flaskui\chats\base.py", line 35, in startup_mcp
    ok = await app.extensions["mcp_client"].connect()
         ^^^^^^^^^^^^^^^^^^^^^^^^^^^^^^^^^^^^^^^^^^^^
  File "D:\1. PROJECTS\projectwise_flaskui\services\mcp_client.py", line 85, in connect
    await self.session.initialize()
  File "D:\1. PROJECTS\projectwise_flaskui\.venv\Lib\site-packages\mcp\client\session.py", line 151, in initialize
    result = await self.send_request(
             ^^^^^^^^^^^^^^^^^^^^^^^^
    ...<16 lines>...
    )
    ^
  File "D:\1. PROJECTS\projectwise_flaskui\.venv\Lib\site-packages\mcp\shared\session.py", line 272, in send_request
    response_or_error = await response_stream_reader.receive()
                        ^^^^^^^^^^^^^^^^^^^^^^^^^^^^^^^^^^^^^^
  File "D:\1. PROJECTS\projectwise_flaskui\.venv\Lib\site-packages\anyio\streams\memory.py", line 119, in receive
    await receive_event.wait()
  File "D:\1. PROJECTS\projectwise_flaskui\.venv\Lib\site-packages\anyio\_backends\_asyncio.py", line 1774, in wait
    await self._event.wait()
  File "C:\Python313\Lib\asyncio\locks.py", line 213, in wait
    await fut
asyncio.exceptions.CancelledError: Cancelled by cancel scope 22c83fdf860

During handling of the above exception, another exception occurred:

Traceback (most recent call last):
  File "D:\1. PROJECTS\projectwise_flaskui\services\mcp_client.py", line 182, in cleanup
    await self.session.__aexit__(None, None, None)
  File "D:\1. PROJECTS\projectwise_flaskui\.venv\Lib\site-packages\mcp\shared\session.py", line 218, in __aexit__
    return await self._task_group.__aexit__(exc_type, exc_val, exc_tb)
           ^^^^^^^^^^^^^^^^^^^^^^^^^^^^^^^^^^^^^^^^^^^^^^^^^^^^^^^^^^^
  File "D:\1. PROJECTS\projectwise_flaskui\.venv\Lib\site-packages\anyio\_backends\_asyncio.py", line 783, in __aexit__
    return self.cancel_scope.__exit__(exc_type, exc_val, exc_tb)
           ~~~~~~~~~~~~~~~~~~~~~~~~~~^^^^^^^^^^^^^^^^^^^^^^^^^^^
  File "D:\1. PROJECTS\projectwise_flaskui\.venv\Lib\site-packages\anyio\_backends\_asyncio.py", line 457, in __exit__
    raise RuntimeError(
    ...<2 lines>...
    )
RuntimeError: Attempted to exit cancel scope in a different task than it was entered in
2025-08-01 18:46:11,698 - MCPClient - INFO - MCPClient disconnected
2025-08-01 18:46:11,735 - MCPClient - INFO - MCPClient disconnected
2025-08-01 18:46:11,735 - MCPClient - INFO - Connecting to MCP Server via HTTP: http://localhost:5000/projectwise/mcp
2025-08-01 18:46:14,608 - MCPClient - ERROR - cleanup session failed: Attempted to exit cancel scope in a different task than it was entered in
Traceback (most recent call last):
  File "D:\1. PROJECTS\projectwise_flaskui\.venv\Lib\site-packages\anyio\streams\memory.py", line 111, in receive
    return self.receive_nowait()
           ~~~~~~~~~~~~~~~~~~~^^
  File "D:\1. PROJECTS\projectwise_flaskui\.venv\Lib\site-packages\anyio\streams\memory.py", line 106, in receive_nowait
    raise WouldBlock
anyio.WouldBlock

During handling of the above exception, another exception occurred:

Traceback (most recent call last):
  File "D:\1. PROJECTS\projectwise_flaskui\.venv\Lib\site-packages\asgiref\sync.py", line 298, in main_wrap
    raise exc_info[1]
  File "D:\1. PROJECTS\projectwise_flaskui\.venv\Lib\site-packages\flask\app.py", line 1511, in wsgi_app
    response = self.full_dispatch_request()
  File "D:\1. PROJECTS\projectwise_flaskui\.venv\Lib\site-packages\flask\app.py", line 915, in full_dispatch_request
    rv = self.preprocess_request()
  File "D:\1. PROJECTS\projectwise_flaskui\.venv\Lib\site-packages\flask\app.py", line 1291, in preprocess_request
    rv = self.ensure_sync(before_func)()
  File "D:\1. PROJECTS\projectwise_flaskui\.venv\Lib\site-packages\asgiref\sync.py", line 262, in __call__
    return call_result.result()
           ~~~~~~~~~~~~~~~~~~^^
  File "C:\Python313\Lib\concurrent\futures\_base.py", line 449, in result
    return self.__get_result()
           ~~~~~~~~~~~~~~~~~^^
  File "C:\Python313\Lib\concurrent\futures\_base.py", line 401, in __get_result
    raise self._exception
  File "D:\1. PROJECTS\projectwise_flaskui\.venv\Lib\site-packages\asgiref\sync.py", line 302, in main_wrap
    result = await awaitable
             ^^^^^^^^^^^^^^^
  File "D:\1. PROJECTS\projectwise_flaskui\chats\base.py", line 35, in startup_mcp
    ok = await app.extensions["mcp_client"].connect()
         ^^^^^^^^^^^^^^^^^^^^^^^^^^^^^^^^^^^^^^^^^^^^
  File "D:\1. PROJECTS\projectwise_flaskui\services\mcp_client.py", line 85, in connect
    await self.session.initialize()
  File "D:\1. PROJECTS\projectwise_flaskui\.venv\Lib\site-packages\mcp\client\session.py", line 151, in initialize
    result = await self.send_request(
             ^^^^^^^^^^^^^^^^^^^^^^^^
    ...<16 lines>...
    )
    ^
  File "D:\1. PROJECTS\projectwise_flaskui\.venv\Lib\site-packages\mcp\shared\session.py", line 272, in send_request
    response_or_error = await response_stream_reader.receive()
                        ^^^^^^^^^^^^^^^^^^^^^^^^^^^^^^^^^^^^^^
  File "D:\1. PROJECTS\projectwise_flaskui\.venv\Lib\site-packages\anyio\streams\memory.py", line 119, in receive
    await receive_event.wait()
  File "D:\1. PROJECTS\projectwise_flaskui\.venv\Lib\site-packages\anyio\_backends\_asyncio.py", line 1774, in wait
    await self._event.wait()
  File "C:\Python313\Lib\asyncio\locks.py", line 213, in wait
    await fut
asyncio.exceptions.CancelledError: Cancelled by cancel scope 22cffee6830

During handling of the above exception, another exception occurred:

Traceback (most recent call last):
  File "D:\1. PROJECTS\projectwise_flaskui\services\mcp_client.py", line 182, in cleanup
    await self.session.__aexit__(None, None, None)
  File "D:\1. PROJECTS\projectwise_flaskui\.venv\Lib\site-packages\mcp\shared\session.py", line 218, in __aexit__
    return await self._task_group.__aexit__(exc_type, exc_val, exc_tb)
           ^^^^^^^^^^^^^^^^^^^^^^^^^^^^^^^^^^^^^^^^^^^^^^^^^^^^^^^^^^^
  File "D:\1. PROJECTS\projectwise_flaskui\.venv\Lib\site-packages\anyio\_backends\_asyncio.py", line 783, in __aexit__
    return self.cancel_scope.__exit__(exc_type, exc_val, exc_tb)
           ~~~~~~~~~~~~~~~~~~~~~~~~~~^^^^^^^^^^^^^^^^^^^^^^^^^^^
  File "D:\1. PROJECTS\projectwise_flaskui\.venv\Lib\site-packages\anyio\_backends\_asyncio.py", line 457, in __exit__
    raise RuntimeError(
    ...<2 lines>...
    )
RuntimeError: Attempted to exit cancel scope in a different task than it was entered in
2025-08-01 18:46:14,619 - MCPClient - INFO - MCPClient disconnected
2025-08-01 18:46:14,649 - MCPClient - INFO - MCPClient disconnected
2025-08-01 18:46:14,649 - MCPClient - INFO - Connecting to MCP Server via HTTP: http://localhost:5000/projectwise/mcp
2025-08-01 18:46:17,310 - MCPClient - ERROR - cleanup session failed: Attempted to exit cancel scope in a different task than it was entered in
Traceback (most recent call last):
  File "D:\1. PROJECTS\projectwise_flaskui\.venv\Lib\site-packages\anyio\streams\memory.py", line 111, in receive
    return self.receive_nowait()
           ~~~~~~~~~~~~~~~~~~~^^
  File "D:\1. PROJECTS\projectwise_flaskui\.venv\Lib\site-packages\anyio\streams\memory.py", line 106, in receive_nowait
    raise WouldBlock
anyio.WouldBlock

During handling of the above exception, another exception occurred:

Traceback (most recent call last):
  File "D:\1. PROJECTS\projectwise_flaskui\.venv\Lib\site-packages\asgiref\sync.py", line 298, in main_wrap
    raise exc_info[1]
  File "D:\1. PROJECTS\projectwise_flaskui\.venv\Lib\site-packages\flask\app.py", line 1511, in wsgi_app
    response = self.full_dispatch_request()
  File "D:\1. PROJECTS\projectwise_flaskui\.venv\Lib\site-packages\flask\app.py", line 915, in full_dispatch_request
    rv = self.preprocess_request()
  File "D:\1. PROJECTS\projectwise_flaskui\.venv\Lib\site-packages\flask\app.py", line 1291, in preprocess_request
    rv = self.ensure_sync(before_func)()
  File "D:\1. PROJECTS\projectwise_flaskui\.venv\Lib\site-packages\asgiref\sync.py", line 262, in __call__
    return call_result.result()
           ~~~~~~~~~~~~~~~~~~^^
  File "C:\Python313\Lib\concurrent\futures\_base.py", line 449, in result
    return self.__get_result()
           ~~~~~~~~~~~~~~~~~^^
  File "C:\Python313\Lib\concurrent\futures\_base.py", line 401, in __get_result
    raise self._exception
  File "D:\1. PROJECTS\projectwise_flaskui\.venv\Lib\site-packages\asgiref\sync.py", line 302, in main_wrap
    result = await awaitable
             ^^^^^^^^^^^^^^^
  File "D:\1. PROJECTS\projectwise_flaskui\chats\base.py", line 35, in startup_mcp
    ok = await app.extensions["mcp_client"].connect()
         ^^^^^^^^^^^^^^^^^^^^^^^^^^^^^^^^^^^^^^^^^^^^
  File "D:\1. PROJECTS\projectwise_flaskui\services\mcp_client.py", line 85, in connect
    await self.session.initialize()
  File "D:\1. PROJECTS\projectwise_flaskui\.venv\Lib\site-packages\mcp\client\session.py", line 151, in initialize
    result = await self.send_request(
             ^^^^^^^^^^^^^^^^^^^^^^^^
    ...<16 lines>...
    )
    ^
  File "D:\1. PROJECTS\projectwise_flaskui\.venv\Lib\site-packages\mcp\shared\session.py", line 272, in send_request
    response_or_error = await response_stream_reader.receive()
                        ^^^^^^^^^^^^^^^^^^^^^^^^^^^^^^^^^^^^^^
  File "D:\1. PROJECTS\projectwise_flaskui\.venv\Lib\site-packages\anyio\streams\memory.py", line 119, in receive
    await receive_event.wait()
  File "D:\1. PROJECTS\projectwise_flaskui\.venv\Lib\site-packages\anyio\_backends\_asyncio.py", line 1774, in wait
    await self._event.wait()
  File "C:\Python313\Lib\asyncio\locks.py", line 213, in wait
    await fut
asyncio.exceptions.CancelledError: Cancelled by cancel scope 22cffee7280

During handling of the above exception, another exception occurred:

Traceback (most recent call last):
  File "D:\1. PROJECTS\projectwise_flaskui\services\mcp_client.py", line 182, in cleanup
    await self.session.__aexit__(None, None, None)
  File "D:\1. PROJECTS\projectwise_flaskui\.venv\Lib\site-packages\mcp\shared\session.py", line 218, in __aexit__
    return await self._task_group.__aexit__(exc_type, exc_val, exc_tb)
           ^^^^^^^^^^^^^^^^^^^^^^^^^^^^^^^^^^^^^^^^^^^^^^^^^^^^^^^^^^^
  File "D:\1. PROJECTS\projectwise_flaskui\.venv\Lib\site-packages\anyio\_backends\_asyncio.py", line 783, in __aexit__
    return self.cancel_scope.__exit__(exc_type, exc_val, exc_tb)
           ~~~~~~~~~~~~~~~~~~~~~~~~~~^^^^^^^^^^^^^^^^^^^^^^^^^^^
  File "D:\1. PROJECTS\projectwise_flaskui\.venv\Lib\site-packages\anyio\_backends\_asyncio.py", line 457, in __exit__
    raise RuntimeError(
    ...<2 lines>...
    )
RuntimeError: Attempted to exit cancel scope in a different task than it was entered in
2025-08-01 18:46:17,324 - MCPClient - INFO - MCPClient disconnected
2025-08-01 19:13:50,126 - MCPClient - DEBUG - [Logger] Initialized 'MCPClient', output → D:\1. PROJECTS\projectwise_flaskui\logs\MCPClient.log
2025-08-01 19:13:50,875 - MCPClient - INFO - MCPClient initialized with HTTP transport
2025-08-01 19:13:57,976 - MCPClient - DEBUG - [Logger] Initialized 'MCPClient', output → D:\1. PROJECTS\projectwise_flaskui\logs\MCPClient.log
2025-08-01 19:13:58,637 - MCPClient - INFO - MCPClient initialized with HTTP transport
2025-08-01 19:15:34,089 - MCPClient - DEBUG - [Logger] Initialized 'MCPClient', output → D:\1. PROJECTS\projectwise_flaskui\logs\MCPClient.log
2025-08-01 19:15:34,546 - MCPClient - INFO - MCPClient initialized with HTTP transport
2025-08-01 19:16:30,020 - MCPClient - DEBUG - [Logger] Initialized 'MCPClient', output → D:\1. PROJECTS\projectwise_flaskui\logs\MCPClient.log
2025-08-01 19:16:30,377 - MCPClient - INFO - MCPClient initialized with HTTP transport
2025-08-01 19:16:37,178 - MCPClient - DEBUG - [Logger] Initialized 'MCPClient', output → D:\1. PROJECTS\projectwise_flaskui\logs\MCPClient.log
2025-08-01 19:16:37,627 - MCPClient - INFO - MCPClient initialized with HTTP transport
2025-08-01 19:16:37,722 - MCPClient - INFO - MCPClient disconnected
2025-08-01 19:16:37,723 - MCPClient - INFO - Connecting to MCP Server via HTTP: http://localhost:5000/projectwise/mcp
2025-08-01 19:16:40,518 - MCPClient - ERROR - cleanup session failed: Attempted to exit cancel scope in a different task than it was entered in
Traceback (most recent call last):
  File "D:\1. PROJECTS\projectwise_flaskui\services\mcp_client.py", line 182, in cleanup
    await self.session.__aexit__(None, None, None)
  File "D:\1. PROJECTS\projectwise_flaskui\.venv\Lib\site-packages\mcp\shared\session.py", line 218, in __aexit__
    return await self._task_group.__aexit__(exc_type, exc_val, exc_tb)
           ^^^^^^^^^^^^^^^^^^^^^^^^^^^^^^^^^^^^^^^^^^^^^^^^^^^^^^^^^^^
  File "D:\1. PROJECTS\projectwise_flaskui\.venv\Lib\site-packages\anyio\_backends\_asyncio.py", line 783, in __aexit__
    return self.cancel_scope.__exit__(exc_type, exc_val, exc_tb)
           ~~~~~~~~~~~~~~~~~~~~~~~~~~^^^^^^^^^^^^^^^^^^^^^^^^^^^
  File "D:\1. PROJECTS\projectwise_flaskui\.venv\Lib\site-packages\anyio\_backends\_asyncio.py", line 457, in __exit__
    raise RuntimeError(
    ...<2 lines>...
    )
RuntimeError: Attempted to exit cancel scope in a different task than it was entered in
2025-08-01 19:16:40,530 - MCPClient - INFO - MCPClient disconnected
2025-08-01 19:16:40,531 - MCPClient - INFO - Connecting to MCP Server via HTTP: http://localhost:5000/projectwise/mcp
2025-08-01 19:16:43,309 - MCPClient - ERROR - cleanup session failed: Attempted to exit cancel scope in a different task than it was entered in
Traceback (most recent call last):
  File "D:\1. PROJECTS\projectwise_flaskui\services\mcp_client.py", line 182, in cleanup
    await self.session.__aexit__(None, None, None)
  File "D:\1. PROJECTS\projectwise_flaskui\.venv\Lib\site-packages\mcp\shared\session.py", line 218, in __aexit__
    return await self._task_group.__aexit__(exc_type, exc_val, exc_tb)
           ^^^^^^^^^^^^^^^^^^^^^^^^^^^^^^^^^^^^^^^^^^^^^^^^^^^^^^^^^^^
  File "D:\1. PROJECTS\projectwise_flaskui\.venv\Lib\site-packages\anyio\_backends\_asyncio.py", line 783, in __aexit__
    return self.cancel_scope.__exit__(exc_type, exc_val, exc_tb)
           ~~~~~~~~~~~~~~~~~~~~~~~~~~^^^^^^^^^^^^^^^^^^^^^^^^^^^
  File "D:\1. PROJECTS\projectwise_flaskui\.venv\Lib\site-packages\anyio\_backends\_asyncio.py", line 457, in __exit__
    raise RuntimeError(
    ...<2 lines>...
    )
RuntimeError: Attempted to exit cancel scope in a different task than it was entered in
2025-08-01 19:16:43,317 - MCPClient - INFO - MCPClient disconnected
2025-08-01 19:16:43,318 - MCPClient - INFO - Connecting to MCP Server via HTTP: http://localhost:5000/projectwise/mcp
2025-08-01 19:16:47,297 - MCPClient - ERROR - cleanup session failed: Attempted to exit cancel scope in a different task than it was entered in
Traceback (most recent call last):
  File "D:\1. PROJECTS\projectwise_flaskui\services\mcp_client.py", line 182, in cleanup
    await self.session.__aexit__(None, None, None)
  File "D:\1. PROJECTS\projectwise_flaskui\.venv\Lib\site-packages\mcp\shared\session.py", line 218, in __aexit__
    return await self._task_group.__aexit__(exc_type, exc_val, exc_tb)
           ^^^^^^^^^^^^^^^^^^^^^^^^^^^^^^^^^^^^^^^^^^^^^^^^^^^^^^^^^^^
  File "D:\1. PROJECTS\projectwise_flaskui\.venv\Lib\site-packages\anyio\_backends\_asyncio.py", line 783, in __aexit__
    return self.cancel_scope.__exit__(exc_type, exc_val, exc_tb)
           ~~~~~~~~~~~~~~~~~~~~~~~~~~^^^^^^^^^^^^^^^^^^^^^^^^^^^
  File "D:\1. PROJECTS\projectwise_flaskui\.venv\Lib\site-packages\anyio\_backends\_asyncio.py", line 457, in __exit__
    raise RuntimeError(
    ...<2 lines>...
    )
RuntimeError: Attempted to exit cancel scope in a different task than it was entered in
2025-08-01 19:16:47,301 - MCPClient - INFO - MCPClient disconnected
2025-08-01 19:16:47,301 - MCPClient - INFO - Connecting to MCP Server via HTTP: http://localhost:5000/projectwise/mcp
2025-08-01 19:16:49,924 - MCPClient - ERROR - cleanup session failed: Attempted to exit cancel scope in a different task than it was entered in
Traceback (most recent call last):
  File "D:\1. PROJECTS\projectwise_flaskui\services\mcp_client.py", line 182, in cleanup
    await self.session.__aexit__(None, None, None)
  File "D:\1. PROJECTS\projectwise_flaskui\.venv\Lib\site-packages\mcp\shared\session.py", line 218, in __aexit__
    return await self._task_group.__aexit__(exc_type, exc_val, exc_tb)
           ^^^^^^^^^^^^^^^^^^^^^^^^^^^^^^^^^^^^^^^^^^^^^^^^^^^^^^^^^^^
  File "D:\1. PROJECTS\projectwise_flaskui\.venv\Lib\site-packages\anyio\_backends\_asyncio.py", line 783, in __aexit__
    return self.cancel_scope.__exit__(exc_type, exc_val, exc_tb)
           ~~~~~~~~~~~~~~~~~~~~~~~~~~^^^^^^^^^^^^^^^^^^^^^^^^^^^
  File "D:\1. PROJECTS\projectwise_flaskui\.venv\Lib\site-packages\anyio\_backends\_asyncio.py", line 457, in __exit__
    raise RuntimeError(
    ...<2 lines>...
    )
RuntimeError: Attempted to exit cancel scope in a different task than it was entered in
2025-08-01 19:16:49,928 - MCPClient - INFO - MCPClient disconnected
2025-08-01 19:16:49,929 - MCPClient - INFO - Connecting to MCP Server via HTTP: http://localhost:5000/projectwise/mcp
2025-08-01 19:16:52,681 - MCPClient - ERROR - cleanup session failed: Attempted to exit cancel scope in a different task than it was entered in
Traceback (most recent call last):
  File "D:\1. PROJECTS\projectwise_flaskui\services\mcp_client.py", line 182, in cleanup
    await self.session.__aexit__(None, None, None)
  File "D:\1. PROJECTS\projectwise_flaskui\.venv\Lib\site-packages\mcp\shared\session.py", line 218, in __aexit__
    return await self._task_group.__aexit__(exc_type, exc_val, exc_tb)
           ^^^^^^^^^^^^^^^^^^^^^^^^^^^^^^^^^^^^^^^^^^^^^^^^^^^^^^^^^^^
  File "D:\1. PROJECTS\projectwise_flaskui\.venv\Lib\site-packages\anyio\_backends\_asyncio.py", line 783, in __aexit__
    return self.cancel_scope.__exit__(exc_type, exc_val, exc_tb)
           ~~~~~~~~~~~~~~~~~~~~~~~~~~^^^^^^^^^^^^^^^^^^^^^^^^^^^
  File "D:\1. PROJECTS\projectwise_flaskui\.venv\Lib\site-packages\anyio\_backends\_asyncio.py", line 457, in __exit__
    raise RuntimeError(
    ...<2 lines>...
    )
RuntimeError: Attempted to exit cancel scope in a different task than it was entered in
2025-08-01 19:16:52,685 - MCPClient - INFO - MCPClient disconnected
2025-08-01 19:16:52,686 - MCPClient - INFO - Connecting to MCP Server via HTTP: http://localhost:5000/projectwise/mcp
2025-08-01 19:17:29,322 - MCPClient - DEBUG - [Logger] Initialized 'MCPClient', output → D:\1. PROJECTS\projectwise_flaskui\logs\MCPClient.log
2025-08-01 19:17:29,801 - MCPClient - INFO - MCPClient initialized with HTTP transport
2025-08-01 19:17:37,953 - MCPClient - DEBUG - [Logger] Initialized 'MCPClient', output → D:\1. PROJECTS\projectwise_flaskui\logs\MCPClient.log
2025-08-01 19:17:38,513 - MCPClient - INFO - MCPClient initialized with HTTP transport
2025-08-01 19:17:38,602 - MCPClient - INFO - MCPClient disconnected
2025-08-01 19:17:38,603 - MCPClient - INFO - Connecting to MCP Server via HTTP: http://localhost:5000/projectwise/mcp
2025-08-01 19:17:46,479 - MCPClient - ERROR - cleanup session failed: Attempted to exit cancel scope in a different task than it was entered in
Traceback (most recent call last):
  File "D:\1. PROJECTS\projectwise_flaskui\services\mcp_client.py", line 182, in cleanup
    await self.session.__aexit__(None, None, None)
  File "D:\1. PROJECTS\projectwise_flaskui\.venv\Lib\site-packages\mcp\shared\session.py", line 218, in __aexit__
    return await self._task_group.__aexit__(exc_type, exc_val, exc_tb)
           ^^^^^^^^^^^^^^^^^^^^^^^^^^^^^^^^^^^^^^^^^^^^^^^^^^^^^^^^^^^
  File "D:\1. PROJECTS\projectwise_flaskui\.venv\Lib\site-packages\anyio\_backends\_asyncio.py", line 783, in __aexit__
    return self.cancel_scope.__exit__(exc_type, exc_val, exc_tb)
           ~~~~~~~~~~~~~~~~~~~~~~~~~~^^^^^^^^^^^^^^^^^^^^^^^^^^^
  File "D:\1. PROJECTS\projectwise_flaskui\.venv\Lib\site-packages\anyio\_backends\_asyncio.py", line 457, in __exit__
    raise RuntimeError(
    ...<2 lines>...
    )
RuntimeError: Attempted to exit cancel scope in a different task than it was entered in
2025-08-01 19:17:46,483 - MCPClient - INFO - MCPClient disconnected
2025-08-01 19:17:46,483 - MCPClient - INFO - Connecting to MCP Server via HTTP: http://localhost:5000/projectwise/mcp
2025-08-01 19:17:49,137 - MCPClient - ERROR - cleanup session failed: Attempted to exit cancel scope in a different task than it was entered in
Traceback (most recent call last):
  File "D:\1. PROJECTS\projectwise_flaskui\services\mcp_client.py", line 182, in cleanup
    await self.session.__aexit__(None, None, None)
  File "D:\1. PROJECTS\projectwise_flaskui\.venv\Lib\site-packages\mcp\shared\session.py", line 218, in __aexit__
    return await self._task_group.__aexit__(exc_type, exc_val, exc_tb)
           ^^^^^^^^^^^^^^^^^^^^^^^^^^^^^^^^^^^^^^^^^^^^^^^^^^^^^^^^^^^
  File "D:\1. PROJECTS\projectwise_flaskui\.venv\Lib\site-packages\anyio\_backends\_asyncio.py", line 783, in __aexit__
    return self.cancel_scope.__exit__(exc_type, exc_val, exc_tb)
           ~~~~~~~~~~~~~~~~~~~~~~~~~~^^^^^^^^^^^^^^^^^^^^^^^^^^^
  File "D:\1. PROJECTS\projectwise_flaskui\.venv\Lib\site-packages\anyio\_backends\_asyncio.py", line 457, in __exit__
    raise RuntimeError(
    ...<2 lines>...
    )
RuntimeError: Attempted to exit cancel scope in a different task than it was entered in
2025-08-01 19:17:49,142 - MCPClient - INFO - MCPClient disconnected
2025-08-01 19:17:49,143 - MCPClient - INFO - Connecting to MCP Server via HTTP: http://localhost:5000/projectwise/mcp
2025-08-01 19:17:52,072 - MCPClient - ERROR - cleanup session failed: Attempted to exit cancel scope in a different task than it was entered in
Traceback (most recent call last):
  File "D:\1. PROJECTS\projectwise_flaskui\services\mcp_client.py", line 182, in cleanup
    await self.session.__aexit__(None, None, None)
  File "D:\1. PROJECTS\projectwise_flaskui\.venv\Lib\site-packages\mcp\shared\session.py", line 218, in __aexit__
    return await self._task_group.__aexit__(exc_type, exc_val, exc_tb)
           ^^^^^^^^^^^^^^^^^^^^^^^^^^^^^^^^^^^^^^^^^^^^^^^^^^^^^^^^^^^
  File "D:\1. PROJECTS\projectwise_flaskui\.venv\Lib\site-packages\anyio\_backends\_asyncio.py", line 783, in __aexit__
    return self.cancel_scope.__exit__(exc_type, exc_val, exc_tb)
           ~~~~~~~~~~~~~~~~~~~~~~~~~~^^^^^^^^^^^^^^^^^^^^^^^^^^^
  File "D:\1. PROJECTS\projectwise_flaskui\.venv\Lib\site-packages\anyio\_backends\_asyncio.py", line 457, in __exit__
    raise RuntimeError(
    ...<2 lines>...
    )
RuntimeError: Attempted to exit cancel scope in a different task than it was entered in
2025-08-01 19:17:52,078 - MCPClient - INFO - MCPClient disconnected
2025-08-01 19:17:52,079 - MCPClient - INFO - Connecting to MCP Server via HTTP: http://localhost:5000/projectwise/mcp
2025-08-01 19:19:53,229 - MCPClient - DEBUG - [Logger] Initialized 'MCPClient', output → D:\1. PROJECTS\projectwise_flaskui\logs\MCPClient.log
2025-08-01 19:19:54,451 - MCPClient - INFO - MCPClient initialized with HTTP transport
2025-08-01 19:20:18,029 - MCPClient - INFO - MCPClient disconnected
2025-08-01 19:20:18,029 - MCPClient - INFO - Connecting to MCP Server via HTTP: http://localhost:5000/projectwise/mcp
2025-08-01 19:20:18,656 - MCPClient - INFO - Connected to MCP Server via HTTP
2025-08-01 19:20:20,797 - MCPClient - INFO - Available tools: ['heartbeat', 'list_kak_files', 'list_product_files', 'add_product_knowledge', 'add_kak_tor_knowledge', 'summarize_kak_with_llm', 'rag_retrieval', 'list_metadata_entries', 'reset_vector_database', 'reset_and_reingest_all', 'read_project_markdown', 'get_template_placeholders', 'generate_proposal_docx', 'websearch']
2025-08-01 19:20:20,798 - MCPClient - INFO - keep_alive_loop cancelled
2025-08-01 19:21:39,988 - MCPClient - DEBUG - Ignored error in session.__aexit__: Attempted to exit cancel scope in a different task than it was entered in
2025-08-01 19:21:39,989 - MCPClient - INFO - MCPClient disconnected
2025-08-01 19:21:39,989 - MCPClient - INFO - Connecting to MCP Server via HTTP: http://localhost:5000/projectwise/mcp
2025-08-01 19:21:40,612 - MCPClient - INFO - Connected to MCP Server via HTTP
2025-08-01 19:21:41,141 - MCPClient - INFO - Available tools: ['heartbeat', 'list_kak_files', 'list_product_files', 'add_product_knowledge', 'add_kak_tor_knowledge', 'summarize_kak_with_llm', 'rag_retrieval', 'list_metadata_entries', 'reset_vector_database', 'reset_and_reingest_all', 'read_project_markdown', 'get_template_placeholders', 'generate_proposal_docx', 'websearch']
2025-08-01 19:21:41,142 - MCPClient - INFO - keep_alive_loop cancelled
2025-08-01 19:21:41,166 - MCPClient - DEBUG - Ignored error in session.__aexit__: Attempted to exit cancel scope in a different task than it was entered in
2025-08-01 19:21:41,166 - MCPClient - INFO - MCPClient disconnected
2025-08-01 19:21:41,166 - MCPClient - INFO - Connecting to MCP Server via HTTP: http://localhost:5000/projectwise/mcp
2025-08-01 19:21:41,805 - MCPClient - INFO - Connected to MCP Server via HTTP
2025-08-01 19:21:42,335 - MCPClient - INFO - Available tools: ['heartbeat', 'list_kak_files', 'list_product_files', 'add_product_knowledge', 'add_kak_tor_knowledge', 'summarize_kak_with_llm', 'rag_retrieval', 'list_metadata_entries', 'reset_vector_database', 'reset_and_reingest_all', 'read_project_markdown', 'get_template_placeholders', 'generate_proposal_docx', 'websearch']
2025-08-01 19:21:42,335 - MCPClient - INFO - keep_alive_loop cancelled
2025-08-01 19:21:42,394 - MCPClient - DEBUG - Ignored error in session.__aexit__: Attempted to exit cancel scope in a different task than it was entered in
2025-08-01 19:21:42,394 - MCPClient - INFO - MCPClient disconnected
2025-08-01 19:21:42,395 - MCPClient - INFO - Connecting to MCP Server via HTTP: http://localhost:5000/projectwise/mcp
2025-08-01 19:21:42,395 - MCPClient - INFO - MCPClient disconnected
2025-08-01 19:21:42,395 - MCPClient - INFO - Connecting to MCP Server via HTTP: http://localhost:5000/projectwise/mcp
2025-08-01 19:21:43,575 - MCPClient - INFO - Connected to MCP Server via HTTP
2025-08-01 19:21:43,576 - MCPClient - WARNING - Attempt 1: MCP session closed, reconnecting...
2025-08-01 19:21:43,577 - MCPClient - INFO - keep_alive_loop cancelled
2025-08-01 19:21:43,578 - MCPClient - DEBUG - Ignored error in session.__aexit__: Attempted to exit cancel scope in a different task than it was entered in
2025-08-01 19:21:43,579 - MCPClient - DEBUG - Ignored error in http_context.__aexit__: Attempted to exit a cancel scope that isn't the current tasks's current cancel scope
2025-08-01 19:21:43,579 - MCPClient - INFO - MCPClient disconnected
2025-08-01 19:21:43,579 - MCPClient - INFO - Connecting to MCP Server via HTTP: http://localhost:5000/projectwise/mcp
2025-08-01 19:23:51,056 - MCPClient - DEBUG - [Logger] Initialized 'MCPClient', output → D:\1. PROJECTS\projectwise_flaskui\logs\MCPClient.log
2025-08-01 19:23:51,888 - MCPClient - INFO - MCPClient initialized with HTTP transport
2025-08-01 19:24:05,838 - MCPClient - DEBUG - [Logger] Initialized 'MCPClient', output → D:\1. PROJECTS\projectwise_flaskui\logs\MCPClient.log
2025-08-01 19:24:06,395 - MCPClient - INFO - MCPClient initialized with HTTP transport
2025-08-01 19:24:13,523 - MCPClient - DEBUG - [Logger] Initialized 'MCPClient', output → D:\1. PROJECTS\projectwise_flaskui\logs\MCPClient.log
2025-08-01 19:24:14,148 - MCPClient - INFO - MCPClient initialized with HTTP transport
2025-08-01 19:24:20,480 - MCPClient - INFO - MCPClient disconnected
2025-08-01 19:24:20,481 - MCPClient - INFO - Connecting to MCP Server via HTTP: http://localhost:5000/projectwise/mcp
2025-08-01 19:24:21,096 - MCPClient - INFO - Connected to MCP Server via HTTP
2025-08-01 19:24:23,675 - MCPClient - INFO - Available tools: ['heartbeat', 'list_kak_files', 'list_product_files', 'add_product_knowledge', 'add_kak_tor_knowledge', 'summarize_kak_with_llm', 'rag_retrieval', 'list_metadata_entries', 'reset_vector_database', 'reset_and_reingest_all', 'read_project_markdown', 'get_template_placeholders', 'generate_proposal_docx', 'websearch']
2025-08-01 19:24:23,678 - MCPClient - INFO - keep_alive_loop cancelled
2025-08-01 19:24:23,752 - MCPClient - DEBUG - Ignored error in session.__aexit__: Attempted to exit cancel scope in a different task than it was entered in
2025-08-01 19:24:23,752 - MCPClient - INFO - MCPClient disconnected
2025-08-01 19:24:23,752 - MCPClient - INFO - Connecting to MCP Server via HTTP: http://localhost:5000/projectwise/mcp
2025-08-01 19:24:23,754 - MCPClient - DEBUG - Ignored error in http_context.__aexit__: anext(): asynchronous generator is already running
2025-08-01 19:24:23,754 - MCPClient - INFO - MCPClient disconnected
2025-08-01 19:24:23,755 - MCPClient - INFO - Connecting to MCP Server via HTTP: http://localhost:5000/projectwise/mcp
2025-08-01 19:24:25,645 - MCPClient - DEBUG - Ignored error in session.__aexit__: Attempted to exit cancel scope in a different task than it was entered in
2025-08-01 19:24:25,647 - MCPClient - DEBUG - Ignored error in http_context.__aexit__: Attempted to exit cancel scope in a different task than it was entered in
2025-08-01 19:24:25,647 - MCPClient - INFO - MCPClient disconnected
2025-08-01 19:24:25,652 - MCPClient - INFO - Connecting to MCP Server via HTTP: http://localhost:5000/projectwise/mcp
2025-08-01 19:24:26,333 - MCPClient - INFO - Connected to MCP Server via HTTP
2025-08-01 19:24:26,872 - MCPClient - INFO - Available tools: ['heartbeat', 'list_kak_files', 'list_product_files', 'add_product_knowledge', 'add_kak_tor_knowledge', 'summarize_kak_with_llm', 'rag_retrieval', 'list_metadata_entries', 'reset_vector_database', 'reset_and_reingest_all', 'read_project_markdown', 'get_template_placeholders', 'generate_proposal_docx', 'websearch']
2025-08-01 19:24:26,874 - MCPClient - INFO - keep_alive_loop cancelled
2025-08-01 19:26:13,127 - MCPClient - DEBUG - [Logger] Initialized 'MCPClient', output → D:\1. PROJECTS\projectwise_flaskui\logs\MCPClient.log
2025-08-01 19:26:13,878 - MCPClient - INFO - MCPClient initialized with HTTP transport
2025-08-01 19:26:26,377 - MCPClient - DEBUG - [Logger] Initialized 'MCPClient', output → D:\1. PROJECTS\projectwise_flaskui\logs\MCPClient.log
2025-08-01 19:26:27,410 - MCPClient - INFO - MCPClient initialized with HTTP transport
2025-08-01 19:26:27,561 - MCPClient - INFO - MCPClient disconnected
2025-08-01 19:26:27,562 - MCPClient - INFO - Connecting to MCP Server via HTTP: http://localhost:5000/projectwise/mcp
2025-08-01 19:26:28,582 - MCPClient - INFO - Connected to MCP Server via HTTP
2025-08-01 19:26:32,457 - MCPClient - INFO - Available tools: ['heartbeat', 'list_kak_files', 'list_product_files', 'add_product_knowledge', 'add_kak_tor_knowledge', 'summarize_kak_with_llm', 'rag_retrieval', 'list_metadata_entries', 'reset_vector_database', 'reset_and_reingest_all', 'read_project_markdown', 'get_template_placeholders', 'generate_proposal_docx', 'websearch']
2025-08-01 19:26:32,459 - MCPClient - INFO - keep_alive_loop cancelled
2025-08-01 19:26:32,518 - MCPClient - DEBUG - Ignored error in session.__aexit__: Attempted to exit cancel scope in a different task than it was entered in
2025-08-01 19:26:32,518 - MCPClient - INFO - MCPClient disconnected
2025-08-01 19:26:32,518 - MCPClient - INFO - Connecting to MCP Server via HTTP: http://localhost:5000/projectwise/mcp
2025-08-01 19:26:32,521 - MCPClient - DEBUG - Ignored error in http_context.__aexit__: anext(): asynchronous generator is already running
2025-08-01 19:26:32,522 - MCPClient - INFO - MCPClient disconnected
2025-08-01 19:26:32,522 - MCPClient - INFO - Connecting to MCP Server via HTTP: http://localhost:5000/projectwise/mcp
2025-08-01 19:26:34,702 - MCPClient - DEBUG - Ignored error in session.__aexit__: Attempted to exit cancel scope in a different task than it was entered in
2025-08-01 19:26:34,703 - MCPClient - DEBUG - Ignored error in http_context.__aexit__: Attempted to exit cancel scope in a different task than it was entered in
2025-08-01 19:26:34,703 - MCPClient - INFO - MCPClient disconnected
2025-08-01 19:26:34,704 - MCPClient - INFO - Connecting to MCP Server via HTTP: http://localhost:5000/projectwise/mcp
2025-08-01 19:26:35,614 - MCPClient - INFO - Connected to MCP Server via HTTP
2025-08-01 19:26:36,171 - MCPClient - INFO - Available tools: ['heartbeat', 'list_kak_files', 'list_product_files', 'add_product_knowledge', 'add_kak_tor_knowledge', 'summarize_kak_with_llm', 'rag_retrieval', 'list_metadata_entries', 'reset_vector_database', 'reset_and_reingest_all', 'read_project_markdown', 'get_template_placeholders', 'generate_proposal_docx', 'websearch']
2025-08-01 19:26:36,173 - MCPClient - INFO - keep_alive_loop cancelled
2025-08-01 19:29:18,931 - MCPClient - DEBUG - Ignored error in session.__aexit__: Attempted to exit cancel scope in a different task than it was entered in
2025-08-01 19:29:18,931 - MCPClient - INFO - MCPClient disconnected
2025-08-01 19:29:18,932 - MCPClient - INFO - Connecting to MCP Server via HTTP: http://localhost:5000/projectwise/mcp
2025-08-01 19:29:20,317 - MCPClient - INFO - Connected to MCP Server via HTTP
2025-08-01 19:29:20,881 - MCPClient - INFO - Available tools: ['heartbeat', 'list_kak_files', 'list_product_files', 'add_product_knowledge', 'add_kak_tor_knowledge', 'summarize_kak_with_llm', 'rag_retrieval', 'list_metadata_entries', 'reset_vector_database', 'reset_and_reingest_all', 'read_project_markdown', 'get_template_placeholders', 'generate_proposal_docx', 'websearch']
2025-08-01 19:29:20,883 - MCPClient - INFO - keep_alive_loop cancelled
2025-08-01 19:29:20,966 - MCPClient - DEBUG - Ignored error in session.__aexit__: Attempted to exit cancel scope in a different task than it was entered in
2025-08-01 19:29:20,972 - MCPClient - INFO - MCPClient disconnected
2025-08-01 19:29:20,973 - MCPClient - INFO - MCPClient disconnected
2025-08-01 19:29:20,973 - MCPClient - INFO - Connecting to MCP Server via HTTP: http://localhost:5000/projectwise/mcp
2025-08-01 19:29:20,974 - MCPClient - INFO - Connecting to MCP Server via HTTP: http://localhost:5000/projectwise/mcp
2025-08-01 19:29:23,505 - MCPClient - DEBUG - Ignored error in session.__aexit__: Attempted to exit cancel scope in a different task than it was entered in
2025-08-01 19:29:23,510 - MCPClient - DEBUG - Ignored error in http_context.__aexit__: Attempted to exit cancel scope in a different task than it was entered in
2025-08-01 19:29:23,511 - MCPClient - INFO - MCPClient disconnected
2025-08-01 19:29:23,512 - MCPClient - INFO - Connecting to MCP Server via HTTP: http://localhost:5000/projectwise/mcp
2025-08-01 19:29:24,340 - MCPClient - INFO - Connected to MCP Server via HTTP
2025-08-01 19:29:24,886 - MCPClient - INFO - Available tools: ['heartbeat', 'list_kak_files', 'list_product_files', 'add_product_knowledge', 'add_kak_tor_knowledge', 'summarize_kak_with_llm', 'rag_retrieval', 'list_metadata_entries', 'reset_vector_database', 'reset_and_reingest_all', 'read_project_markdown', 'get_template_placeholders', 'generate_proposal_docx', 'websearch']
2025-08-01 19:29:24,888 - MCPClient - INFO - keep_alive_loop cancelled
2025-08-01 19:31:04,050 - MCPClient - DEBUG - [Logger] Initialized 'MCPClient', output → D:\1. PROJECTS\projectwise_flaskui\logs\MCPClient.log
2025-08-01 19:31:05,508 - MCPClient - INFO - MCPClient initialized with HTTP transport
2025-08-01 19:31:19,149 - MCPClient - DEBUG - [Logger] Initialized 'MCPClient', output → D:\1. PROJECTS\projectwise_flaskui\logs\MCPClient.log
2025-08-01 19:31:19,809 - MCPClient - INFO - MCPClient initialized with HTTP transport
2025-08-01 19:31:56,310 - MCPClient - INFO - MCPClient disconnected
2025-08-01 19:31:56,310 - MCPClient - INFO - Connecting to MCP Server via HTTP: http://localhost:5000/projectwise/mcp
2025-08-01 19:31:57,102 - MCPClient - INFO - Connected to MCP Server via HTTP
2025-08-01 19:32:00,454 - MCPClient - INFO - Available tools: ['heartbeat', 'list_kak_files', 'list_product_files', 'add_product_knowledge', 'add_kak_tor_knowledge', 'summarize_kak_with_llm', 'rag_retrieval', 'list_metadata_entries', 'reset_vector_database', 'reset_and_reingest_all', 'read_project_markdown', 'get_template_placeholders', 'generate_proposal_docx', 'websearch']
2025-08-01 19:32:00,455 - MCPClient - INFO - keep_alive_loop cancelled
2025-08-01 19:32:07,815 - MCPClient - DEBUG - Ignored error in session.__aexit__: Attempted to exit cancel scope in a different task than it was entered in
2025-08-01 19:32:07,815 - MCPClient - INFO - MCPClient disconnected
2025-08-01 19:32:07,816 - MCPClient - INFO - Connecting to MCP Server via HTTP: http://localhost:5000/projectwise/mcp
2025-08-01 19:32:08,387 - MCPClient - INFO - Connected to MCP Server via HTTP
2025-08-01 19:32:08,917 - MCPClient - INFO - Available tools: ['heartbeat', 'list_kak_files', 'list_product_files', 'add_product_knowledge', 'add_kak_tor_knowledge', 'summarize_kak_with_llm', 'rag_retrieval', 'list_metadata_entries', 'reset_vector_database', 'reset_and_reingest_all', 'read_project_markdown', 'get_template_placeholders', 'generate_proposal_docx', 'websearch']
2025-08-01 19:32:08,918 - MCPClient - INFO - keep_alive_loop cancelled
2025-08-01 19:32:08,975 - MCPClient - DEBUG - Ignored error in session.__aexit__: Attempted to exit cancel scope in a different task than it was entered in
2025-08-01 19:32:08,975 - MCPClient - INFO - MCPClient disconnected
2025-08-01 19:32:08,975 - MCPClient - INFO - Connecting to MCP Server via HTTP: http://localhost:5000/projectwise/mcp
2025-08-01 19:32:08,985 - MCPClient - DEBUG - Ignored error in http_context.__aexit__: anext(): asynchronous generator is already running
2025-08-01 19:32:08,985 - MCPClient - INFO - MCPClient disconnected
2025-08-01 19:32:08,986 - MCPClient - INFO - Connecting to MCP Server via HTTP: http://localhost:5000/projectwise/mcp
2025-08-01 19:32:10,267 - MCPClient - DEBUG - Ignored error in session.__aexit__: Attempted to exit cancel scope in a different task than it was entered in
2025-08-01 19:32:10,268 - MCPClient - DEBUG - Ignored error in http_context.__aexit__: Attempted to exit cancel scope in a different task than it was entered in
2025-08-01 19:32:10,269 - MCPClient - INFO - MCPClient disconnected
2025-08-01 19:32:10,269 - MCPClient - INFO - Connecting to MCP Server via HTTP: http://localhost:5000/projectwise/mcp
2025-08-01 19:32:11,039 - MCPClient - INFO - Connected to MCP Server via HTTP
2025-08-01 19:32:11,585 - MCPClient - INFO - Available tools: ['heartbeat', 'list_kak_files', 'list_product_files', 'add_product_knowledge', 'add_kak_tor_knowledge', 'summarize_kak_with_llm', 'rag_retrieval', 'list_metadata_entries', 'reset_vector_database', 'reset_and_reingest_all', 'read_project_markdown', 'get_template_placeholders', 'generate_proposal_docx', 'websearch']
2025-08-01 19:32:11,588 - MCPClient - INFO - keep_alive_loop cancelled
2025-08-01 19:40:11,154 - MCPClient - DEBUG - [Logger] Initialized 'MCPClient', output → D:\1. PROJECTS\projectwise_flaskui\logs\MCPClient.log
2025-08-01 19:40:11,605 - MCPClient - INFO - MCPClient initialized with HTTP transport
2025-08-01 19:40:48,062 - MCPClient - DEBUG - [Logger] Initialized 'MCPClient', output → D:\1. PROJECTS\projectwise_flaskui\logs\MCPClient.log
2025-08-01 19:40:49,448 - MCPClient - INFO - MCPClient initialized with HTTP transport
2025-08-01 19:51:54,793 - MCPClient - DEBUG - [Logger] Initialized 'MCPClient', output → D:\1. PROJECTS\projectwise_flaskui\logs\MCPClient.log
2025-08-01 19:51:55,309 - MCPClient - INFO - MCPClient initialized with HTTP transport
2025-08-01 19:52:05,825 - MCPClient - DEBUG - [Logger] Initialized 'MCPClient', output → D:\1. PROJECTS\projectwise_flaskui\logs\MCPClient.log
2025-08-01 19:52:06,527 - MCPClient - INFO - MCPClient initialized with HTTP transport
2025-08-01 19:52:07,487 - MCPClient - INFO - keep_alive_loop cancelled
2025-08-01 19:52:20,675 - MCPClient - INFO - [72733be0] Processing query: halo
2025-08-01 19:52:24,348 - MCPClient - INFO - [72733be0] Intent: other (conf=0.50)
2025-08-01 19:52:26,653 - MCPClient - WARNING - Attempt 1: MCP session closed, reconnecting...
2025-08-01 19:52:26,654 - MCPClient - WARNING - Attempt 2: MCP session closed, reconnecting...
2025-08-01 19:52:26,655 - MCPClient - INFO - [72733be0] Total latency: 5.98s
2025-08-01 19:54:55,763 - MCPClient - DEBUG - [Logger] Initialized 'MCPClient', output → D:\1. PROJECTS\projectwise_flaskui\logs\MCPClient.log
2025-08-01 19:54:56,130 - MCPClient - INFO - MCPClient initialized with HTTP transport
2025-08-01 19:55:03,837 - MCPClient - INFO - keep_alive_loop cancelled
2025-08-01 19:55:03,856 - MCPClient - INFO - [a599aaa2] Processing query: halo
2025-08-01 19:55:06,355 - MCPClient - INFO - [a599aaa2] Intent: other (conf=0.50)
2025-08-01 19:55:08,068 - MCPClient - WARNING - Attempt 1: MCP session closed, reconnecting...
2025-08-01 19:55:08,069 - MCPClient - WARNING - Attempt 2: MCP session closed, reconnecting...
2025-08-01 19:55:08,069 - MCPClient - INFO - [a599aaa2] Total latency: 4.21s
2025-08-01 19:56:32,889 - MCPClient - DEBUG - [Logger] Initialized 'MCPClient', output → D:\1. PROJECTS\projectwise_flaskui\logs\MCPClient.log
2025-08-01 19:56:33,232 - MCPClient - INFO - MCPClient initialized with HTTP transport
2025-08-01 19:56:39,943 - MCPClient - DEBUG - [Logger] Initialized 'MCPClient', output → D:\1. PROJECTS\projectwise_flaskui\logs\MCPClient.log
2025-08-01 19:56:40,506 - MCPClient - INFO - MCPClient initialized with HTTP transport
2025-08-01 19:56:51,722 - MCPClient - INFO - keep_alive_loop cancelled
2025-08-01 19:56:51,745 - MCPClient - INFO - [7de73557] Processing query: halo
2025-08-01 19:56:53,997 - MCPClient - INFO - [7de73557] Intent: other (conf=0.50)
2025-08-01 19:56:55,779 - MCPClient - WARNING - Attempt 1: MCP session closed, reconnecting...
2025-08-01 19:56:55,779 - MCPClient - WARNING - Attempt 2: MCP session closed, reconnecting...
2025-08-01 19:56:55,779 - MCPClient - INFO - [7de73557] Total latency: 4.03s
2025-08-01 19:57:57,050 - MCPClient - DEBUG - [Logger] Initialized 'MCPClient', output → D:\1. PROJECTS\projectwise_flaskui\logs\MCPClient.log
2025-08-01 19:57:57,707 - MCPClient - INFO - MCPClient initialized with HTTP transport
2025-08-01 20:01:08,436 - MCPClient - DEBUG - [Logger] Initialized 'MCPClient', output → D:\1. PROJECTS\projectwise_flaskui\logs\MCPClient.log
2025-08-01 20:01:08,826 - MCPClient - INFO - MCPClient initialized with HTTP transport
2025-08-01 20:01:15,210 - MCPClient - DEBUG - [Logger] Initialized 'MCPClient', output → D:\1. PROJECTS\projectwise_flaskui\logs\MCPClient.log
2025-08-01 20:01:15,843 - MCPClient - INFO - MCPClient initialized with HTTP transport
2025-08-01 20:01:19,543 - MCPClient - INFO - Available tools: ['heartbeat', 'list_kak_files', 'list_product_files', 'add_product_knowledge', 'add_kak_tor_knowledge', 'summarize_kak_with_llm', 'rag_retrieval', 'list_metadata_entries', 'reset_vector_database', 'reset_and_reingest_all', 'read_project_markdown', 'get_template_placeholders', 'generate_proposal_docx', 'websearch']
2025-08-01 20:01:19,544 - MCPClient - INFO - keep_alive_loop cancelled
2025-08-01 20:01:28,154 - MCPClient - INFO - [82c5a94f] Processing query: hallo
2025-08-01 20:01:31,468 - MCPClient - INFO - [82c5a94f] Intent: other (conf=0.50)
2025-08-01 20:01:32,261 - MCPClient - WARNING - Attempt 1: MCP session closed, reconnecting...
2025-08-01 20:01:32,262 - MCPClient - WARNING - Attempt 2: MCP session closed, reconnecting...
2025-08-01 20:01:32,262 - MCPClient - INFO - [82c5a94f] Total latency: 4.11s
2025-08-01 22:37:47,291 - MCPClient - DEBUG - [Logger] Initialized 'MCPClient', output → D:\1. PROJECTS\projectwise_flaskui\logs\MCPClient.log
2025-08-01 22:37:48,021 - MCPClient - INFO - MCPClient initialized with HTTP transport
2025-08-01 22:37:53,458 - MCPClient - INFO - Available tools: ['heartbeat', 'list_kak_files', 'list_product_files', 'add_product_knowledge', 'add_kak_tor_knowledge', 'summarize_kak_with_llm', 'rag_retrieval', 'list_metadata_entries', 'reset_vector_database', 'reset_and_reingest_all', 'read_project_markdown', 'get_template_placeholders', 'generate_proposal_docx', 'websearch']
2025-08-01 22:37:53,459 - MCPClient - INFO - keep_alive_loop cancelled
2025-08-01 22:38:47,466 - MCPClient - DEBUG - [Logger] Initialized 'MCPClient', output → D:\1. PROJECTS\projectwise_flaskui\logs\MCPClient.log
2025-08-01 22:38:47,868 - MCPClient - INFO - MCPClient initialized with HTTP transport
2025-08-01 22:38:56,298 - MCPClient - DEBUG - [Logger] Initialized 'MCPClient', output → D:\1. PROJECTS\projectwise_flaskui\logs\MCPClient.log
2025-08-01 22:38:56,668 - MCPClient - INFO - MCPClient initialized with HTTP transport
2025-08-01 22:39:14,301 - MCPClient - DEBUG - [Logger] Initialized 'MCPClient', output → D:\1. PROJECTS\projectwise_flaskui\logs\MCPClient.log
2025-08-01 22:39:14,698 - MCPClient - INFO - MCPClient initialized with HTTP transport
2025-08-01 22:39:21,562 - MCPClient - DEBUG - [Logger] Initialized 'MCPClient', output → D:\1. PROJECTS\projectwise_flaskui\logs\MCPClient.log
2025-08-01 22:39:21,940 - MCPClient - INFO - MCPClient initialized with HTTP transport
2025-08-01 22:39:24,781 - MCPClient - INFO - Available tools: ['heartbeat', 'list_kak_files', 'list_product_files', 'add_product_knowledge', 'add_kak_tor_knowledge', 'summarize_kak_with_llm', 'rag_retrieval', 'list_metadata_entries', 'reset_vector_database', 'reset_and_reingest_all', 'read_project_markdown', 'get_template_placeholders', 'generate_proposal_docx', 'websearch']
2025-08-01 22:39:24,782 - MCPClient - INFO - keep_alive_loop cancelled
2025-08-01 22:39:49,403 - MCPClient - INFO - [c4b8c883] Processing query: hallo
2025-08-01 22:39:52,394 - MCPClient - INFO - [c4b8c883] Intent: other (conf=0.95)
2025-08-01 22:39:53,312 - MCPClient - WARNING - Attempt 1: MCP session closed, reconnecting...
2025-08-01 22:39:53,312 - MCPClient - WARNING - Attempt 2: MCP session closed, reconnecting...
2025-08-01 22:39:53,312 - MCPClient - INFO - [c4b8c883] Total latency: 3.91s
2025-08-01 22:45:53,078 - MCPClient - DEBUG - [Logger] Initialized 'MCPClient', output → D:\1. PROJECTS\projectwise_flaskui\logs\MCPClient.log
2025-08-01 22:45:53,663 - MCPClient - INFO - MCPClient initialized with HTTP transport
2025-08-01 22:46:07,160 - MCPClient - DEBUG - [Logger] Initialized 'MCPClient', output → D:\1. PROJECTS\projectwise_flaskui\logs\MCPClient.log
2025-08-01 22:46:07,805 - MCPClient - INFO - MCPClient initialized with HTTP transport
2025-08-01 22:52:21,688 - MCPClient - DEBUG - [Logger] Initialized 'MCPClient', output → D:\1. PROJECTS\projectwise_flaskui\logs\MCPClient.log
2025-08-01 22:52:23,124 - MCPClient - INFO - MCPClient initialized with HTTP transport
2025-08-01 22:52:39,993 - MCPClient - DEBUG - [Logger] Initialized 'MCPClient', output → D:\1. PROJECTS\projectwise_flaskui\logs\MCPClient.log
2025-08-01 22:52:40,812 - MCPClient - INFO - MCPClient initialized with HTTP transport
2025-08-01 23:06:54,657 - MCPClient - DEBUG - [Logger] Initialized 'MCPClient', output → D:\1. PROJECTS\projectwise_flaskui\logs\MCPClient.log
2025-08-01 23:06:55,014 - MCPClient - INFO - MCPClient initialized with HTTP transport
2025-08-01 23:07:00,915 - MCPClient - DEBUG - [Logger] Initialized 'MCPClient', output → D:\1. PROJECTS\projectwise_flaskui\logs\MCPClient.log
2025-08-01 23:07:01,338 - MCPClient - INFO - MCPClient initialized with HTTP transport
2025-08-01 23:07:11,793 - MCPClient - INFO - Available tools: ['heartbeat', 'list_kak_files', 'list_product_files', 'add_product_knowledge', 'add_kak_tor_knowledge', 'summarize_kak_with_llm', 'rag_retrieval', 'list_metadata_entries', 'reset_vector_database', 'reset_and_reingest_all', 'read_project_markdown', 'get_template_placeholders', 'generate_proposal_docx', 'websearch']
2025-08-01 23:07:11,794 - MCPClient - INFO - keep_alive_loop cancelled
2025-08-01 23:12:33,170 - MCPClient - DEBUG - [Logger] Initialized 'MCPClient', output → D:\1. PROJECTS\projectwise_flaskui\logs\MCPClient.log
2025-08-01 23:12:33,841 - MCPClient - INFO - MCPClient initialized with HTTP transport
2025-08-01 23:12:45,584 - MCPClient - DEBUG - [Logger] Initialized 'MCPClient', output → D:\1. PROJECTS\projectwise_flaskui\logs\MCPClient.log
2025-08-01 23:12:46,182 - MCPClient - INFO - MCPClient initialized with HTTP transport
2025-08-01 23:14:33,701 - MCPClient - DEBUG - [Logger] Initialized 'MCPClient', output → D:\1. PROJECTS\projectwise_flaskui\logs\MCPClient.log
2025-08-01 23:14:34,232 - MCPClient - INFO - MCPClient initialized with HTTP transport
2025-08-01 23:14:42,106 - MCPClient - INFO - Available tools: ['heartbeat', 'list_kak_files', 'list_product_files', 'add_product_knowledge', 'add_kak_tor_knowledge', 'summarize_kak_with_llm', 'rag_retrieval', 'list_metadata_entries', 'reset_vector_database', 'reset_and_reingest_all', 'read_project_markdown', 'get_template_placeholders', 'generate_proposal_docx', 'websearch']
2025-08-01 23:14:42,107 - MCPClient - INFO - keep_alive_loop cancelled
2025-08-01 23:18:34,582 - MCPClient - INFO - [76b4e1b2] Processing query: halo
2025-08-01 23:18:37,588 - MCPClient - INFO - [76b4e1b2] Intent: other (conf=0.50)
2025-08-01 23:18:38,954 - MCPClient - INFO - [76b4e1b2] - Turn 1/20
2025-08-01 23:18:40,807 - MCPClient - INFO - [76b4e1b2] Total latency: 6.22s
2025-08-01 23:19:18,756 - MCPClient - INFO - [91a0ed4e] Processing query: apa kemampuan atau tools yang kamu miliki ?
2025-08-01 23:19:20,432 - MCPClient - INFO - [91a0ed4e] Intent: other (conf=0.80)
2025-08-01 23:19:21,275 - MCPClient - INFO - [91a0ed4e] - Turn 1/20
2025-08-01 23:19:30,367 - MCPClient - INFO - [91a0ed4e] Total latency: 11.61s
2025-08-01 23:20:22,445 - MCPClient - DEBUG - [Logger] Initialized 'MCPClient', output → D:\1. PROJECTS\projectwise_flaskui\logs\MCPClient.log
2025-08-01 23:20:23,058 - MCPClient - INFO - MCPClient initialized with HTTP transport
2025-08-01 23:20:33,983 - MCPClient - DEBUG - [Logger] Initialized 'MCPClient', output → D:\1. PROJECTS\projectwise_flaskui\logs\MCPClient.log
2025-08-01 23:20:34,501 - MCPClient - INFO - MCPClient initialized with HTTP transport
